
Showing logs for build [32mcb-kubecd-environment-pr-205-74-6f28p-1[0m stage [32mfrom-build-pack[0m and container [32mstep-credential-initializer-hwndt[0m
{"level":"info","ts":1587310115.1909926,"logger":"fallback-logger","caller":"logging/config.go:69","msg":"Fetch GitHub commit ID from kodata failed: open /var/run/ko/refs/heads/0.8.0-ns-support: no such file or directory"}
{"level":"info","ts":1587310115.1919446,"logger":"fallback-logger","caller":"creds-init/main.go:40","msg":"Credentials initialized."}

Showing logs for build [32mcb-kubecd-environment-pr-205-74-6f28p-1[0m stage [32mfrom-build-pack[0m and container [32mstep-working-dir-initializer-d4rq8[0m
{"level":"info","ts":1587310116.1984694,"logger":"fallback-logger","caller":"logging/config.go:69","msg":"Fetch GitHub commit ID from kodata failed: open /var/run/ko/HEAD: no such file or directory"}
{"level":"info","ts":1587310116.2039073,"logger":"fallback-logger","caller":"bash/main.go:64","msg":"Successfully executed command \"sh -c mkdir -p /workspace/source\"; output "}

Showing logs for build [32mcb-kubecd-environment-pr-205-74-6f28p-1[0m stage [32mfrom-build-pack[0m and container [32mstep-place-tools[0m

Showing logs for build [32mcb-kubecd-environment-pr-205-74-6f28p-1[0m stage [32mfrom-build-pack[0m and container [32mstep-git-source-cb-kubecd-environment-pr-205-74-6f28p-jt9hz[0m
{"level":"info","ts":1587310123.066518,"logger":"fallback-logger","caller":"logging/config.go:69","msg":"Fetch GitHub commit ID from kodata failed: open /var/run/ko/refs/heads/0.8.0-ns-support: no such file or directory"}
{"level":"info","ts":1587310124.263493,"logger":"fallback-logger","caller":"git/git.go:103","msg":"Successfully cloned https://github.com/cb-kubecd/environment-pr-205-74-boot-vault-gke-staging.git @ master in path /workspace/source"}

Showing logs for build [32mcb-kubecd-environment-pr-205-74-6f28p-1[0m stage [32mfrom-build-pack[0m and container [32mstep-git-merge[0m
Using SHAs from PULL_REFS=master:e949dc786d8e658f2a2086e35392b95658b17dbc,3:e92c74779d4edb7bbc8a3738491d1bbc6f46e4da
DEBUG: LC_ALL=C JX_LOG_LEVEL=error git fetch origin --unshallow e92c74779d4edb7bbc8a3738491d1bbc6f46e4da: e949dc786d8e658f2a2086e35392b95658b17dbc:
DEBUG: ran git fetch --unshallow origin e92c74779d4edb7bbc8a3738491d1bbc6f46e4da: e949dc786d8e658f2a2086e35392b95658b17dbc: in 
DEBUG: LC_ALL=C JX_LOG_LEVEL=error git branch
DEBUG: LC_ALL=C JX_LOG_LEVEL=error git checkout master
DEBUG: ran git checkout master in 
DEBUG: LC_ALL=C JX_LOG_LEVEL=error git reset --hard e949dc786d8e658f2a2086e35392b95658b17dbc
DEBUG: ran git reset --hard e949dc786d8e658f2a2086e35392b95658b17dbc in 
DEBUG: LC_ALL=C JX_LOG_LEVEL=error git clean -fd .
DEBUG: ran clean --force -d . in 
DEBUG: LC_ALL=C JX_LOG_LEVEL=error git merge e92c74779d4edb7bbc8a3738491d1bbc6f46e4da
DEBUG: ran git merge e92c74779d4edb7bbc8a3738491d1bbc6f46e4da in 
DEBUG: LC_ALL=C JX_LOG_LEVEL=error git log --format=%H%x1f%an%x1f%ae%x1f%cn%x1f%ce%x1f%s%n%b%x1e e949dc786d8e658f2a2086e35392b95658b17dbc..HEAD
Merged SHA e92c74779d4edb7bbc8a3738491d1bbc6f46e4da with commit message 'chore: Promote bdd-sbhg-1587308671 to version 0.0.1' into base branch master

Showing logs for build [32mcb-kubecd-environment-pr-205-74-6f28p-1[0m stage [32mfrom-build-pack[0m and container [32mstep-build-helm-build[0m
WARNING: No $CHART_REPOSITORY defined so using the default value of: http://jenkins-x-chartmuseum:8080
Adding missing Helm repo: storage.googleapis.com https://storage.googleapis.com/chartmuseum.jenkins-x.io
WARNING: No secrets found on "helm/repos" due: reading the secret "helm/repos" from vault: no secret "helm/repos" not found in vault
Read credentials for https://storage.googleapis.com/chartmuseum.jenkins-x.io from vault helm/repos
Successfully added Helm repository storage.googleapis.com.
Adding missing Helm repo: jenkins-x-chartmuseum http://jenkins-x-chartmuseum:8080
WARNING: No secrets found on "helm/repos" due: reading the secret "helm/repos" from vault: no secret "helm/repos" not found in vault
Read credentials for http://jenkins-x-chartmuseum:8080 from vault helm/repos
Successfully added Helm repository jenkins-x-chartmuseum.
WARNING: No $CHART_REPOSITORY defined so using the default value of: http://jenkins-x-chartmuseum:8080
Adding missing Helm repo: chartmuseum.jenkins-x.io http://chartmuseum.jenkins-x.io
WARNING: No secrets found on "helm/repos" due: reading the secret "helm/repos" from vault: no secret "helm/repos" not found in vault
Read credentials for http://chartmuseum.jenkins-x.io from vault helm/repos
Successfully added Helm repository chartmuseum.jenkins-x.io.
