
Showing logs for build [32mcb-kubecd-environment-pr-205-74-t7twz-1[0m stage [32mfrom-build-pack[0m and container [32mstep-credential-initializer-g5pw7[0m
{"level":"info","ts":1587307173.3564668,"logger":"fallback-logger","caller":"logging/config.go:69","msg":"Fetch GitHub commit ID from kodata failed: open /var/run/ko/refs/heads/0.8.0-ns-support: no such file or directory"}
{"level":"info","ts":1587307173.3570342,"logger":"fallback-logger","caller":"creds-init/main.go:40","msg":"Credentials initialized."}

Showing logs for build [32mcb-kubecd-environment-pr-205-74-t7twz-1[0m stage [32mfrom-build-pack[0m and container [32mstep-working-dir-initializer-96b4f[0m
{"level":"info","ts":1587307174.3602955,"logger":"fallback-logger","caller":"logging/config.go:69","msg":"Fetch GitHub commit ID from kodata failed: open /var/run/ko/HEAD: no such file or directory"}
{"level":"info","ts":1587307174.3621194,"logger":"fallback-logger","caller":"bash/main.go:64","msg":"Successfully executed command \"sh -c mkdir -p /workspace/source\"; output "}

Showing logs for build [32mcb-kubecd-environment-pr-205-74-t7twz-1[0m stage [32mfrom-build-pack[0m and container [32mstep-place-tools[0m

Showing logs for build [32mcb-kubecd-environment-pr-205-74-t7twz-1[0m stage [32mfrom-build-pack[0m and container [32mstep-git-source-cb-kubecd-environment-pr-205-74-t7twz-j4qcm[0m
{"level":"info","ts":1587307178.4359255,"logger":"fallback-logger","caller":"logging/config.go:69","msg":"Fetch GitHub commit ID from kodata failed: open /var/run/ko/refs/heads/0.8.0-ns-support: no such file or directory"}
{"level":"info","ts":1587307179.5464256,"logger":"fallback-logger","caller":"git/git.go:103","msg":"Successfully cloned https://github.com/cb-kubecd/environment-pr-205-74-boot-vault-gke-staging.git @ master in path /workspace/source"}

Showing logs for build [32mcb-kubecd-environment-pr-205-74-t7twz-1[0m stage [32mfrom-build-pack[0m and container [32mstep-git-merge[0m
Using SHAs from PULL_REFS=master:e918e468fd44e7f1f58469fa528670a2c83e7c40,1:3b498d61bb28ec905c547db70f5823fa9f0bb39e
DEBUG: LC_ALL=C JX_LOG_LEVEL=error git fetch origin --unshallow 3b498d61bb28ec905c547db70f5823fa9f0bb39e: e918e468fd44e7f1f58469fa528670a2c83e7c40:
DEBUG: ran git fetch --unshallow origin 3b498d61bb28ec905c547db70f5823fa9f0bb39e: e918e468fd44e7f1f58469fa528670a2c83e7c40: in 
DEBUG: JX_LOG_LEVEL=error LC_ALL=C git branch
DEBUG: LC_ALL=C JX_LOG_LEVEL=error git checkout master
DEBUG: ran git checkout master in 
DEBUG: LC_ALL=C JX_LOG_LEVEL=error git reset --hard e918e468fd44e7f1f58469fa528670a2c83e7c40
DEBUG: ran git reset --hard e918e468fd44e7f1f58469fa528670a2c83e7c40 in 
DEBUG: LC_ALL=C JX_LOG_LEVEL=error git clean -fd .
DEBUG: ran clean --force -d . in 
DEBUG: LC_ALL=C JX_LOG_LEVEL=error git merge 3b498d61bb28ec905c547db70f5823fa9f0bb39e
DEBUG: ran git merge 3b498d61bb28ec905c547db70f5823fa9f0bb39e in 
DEBUG: JX_LOG_LEVEL=error LC_ALL=C git log --format=%H%x1f%an%x1f%ae%x1f%cn%x1f%ce%x1f%s%n%b%x1e e918e468fd44e7f1f58469fa528670a2c83e7c40..HEAD
Merged SHA 3b498d61bb28ec905c547db70f5823fa9f0bb39e with commit message 'chore: Promote bdd-spring-1587306851 to version 0.0.1' into base branch master

Showing logs for build [32mcb-kubecd-environment-pr-205-74-t7twz-1[0m stage [32mfrom-build-pack[0m and container [32mstep-build-helm-build[0m
WARNING: No $CHART_REPOSITORY defined so using the default value of: http://jenkins-x-chartmuseum:8080
Adding missing Helm repo: storage.googleapis.com https://storage.googleapis.com/chartmuseum.jenkins-x.io
WARNING: No secrets found on "helm/repos" due: reading the secret "helm/repos" from vault: no secret "helm/repos" not found in vault
Read credentials for https://storage.googleapis.com/chartmuseum.jenkins-x.io from vault helm/repos
Successfully added Helm repository storage.googleapis.com.
Adding missing Helm repo: jenkins-x-chartmuseum http://jenkins-x-chartmuseum:8080
WARNING: No secrets found on "helm/repos" due: reading the secret "helm/repos" from vault: no secret "helm/repos" not found in vault
Read credentials for http://jenkins-x-chartmuseum:8080 from vault helm/repos
Successfully added Helm repository jenkins-x-chartmuseum.
WARNING: No $CHART_REPOSITORY defined so using the default value of: http://jenkins-x-chartmuseum:8080
Adding missing Helm repo: chartmuseum.jenkins-x.io http://chartmuseum.jenkins-x.io
WARNING: No secrets found on "helm/repos" due: reading the secret "helm/repos" from vault: no secret "helm/repos" not found in vault
Read credentials for http://chartmuseum.jenkins-x.io from vault helm/repos
Successfully added Helm repository chartmuseum.jenkins-x.io.
