
Showing logs for build [32mcb-kubecd-environment-pr-205-74-bv5fn-1[0m stage [32mfrom-build-pack[0m and container [32mstep-credential-initializer-ld594[0m
{"level":"info","ts":1587311268.6088717,"logger":"fallback-logger","caller":"logging/config.go:69","msg":"Fetch GitHub commit ID from kodata failed: open /var/run/ko/refs/heads/0.8.0-ns-support: no such file or directory"}
{"level":"info","ts":1587311268.6099124,"logger":"fallback-logger","caller":"creds-init/main.go:40","msg":"Credentials initialized."}

Showing logs for build [32mcb-kubecd-environment-pr-205-74-bv5fn-1[0m stage [32mfrom-build-pack[0m and container [32mstep-working-dir-initializer-fczpn[0m
{"level":"info","ts":1587311269.6309364,"logger":"fallback-logger","caller":"logging/config.go:69","msg":"Fetch GitHub commit ID from kodata failed: open /var/run/ko/HEAD: no such file or directory"}
{"level":"info","ts":1587311269.6328468,"logger":"fallback-logger","caller":"bash/main.go:64","msg":"Successfully executed command \"sh -c mkdir -p /workspace/source\"; output "}

Showing logs for build [32mcb-kubecd-environment-pr-205-74-bv5fn-1[0m stage [32mfrom-build-pack[0m and container [32mstep-place-tools[0m

Showing logs for build [32mcb-kubecd-environment-pr-205-74-bv5fn-1[0m stage [32mfrom-build-pack[0m and container [32mstep-git-source-cb-kubecd-environment-pr-205-74-bv5fn-drnpx[0m
{"level":"info","ts":1587311275.987764,"logger":"fallback-logger","caller":"logging/config.go:69","msg":"Fetch GitHub commit ID from kodata failed: open /var/run/ko/refs/heads/0.8.0-ns-support: no such file or directory"}
{"level":"info","ts":1587311277.1044421,"logger":"fallback-logger","caller":"git/git.go:103","msg":"Successfully cloned https://github.com/cb-kubecd/environment-pr-205-74-boot-vault-gke-staging.git @ master in path /workspace/source"}

Showing logs for build [32mcb-kubecd-environment-pr-205-74-bv5fn-1[0m stage [32mfrom-build-pack[0m and container [32mstep-git-merge[0m
Using SHAs from PULL_REFS=master:1afae94695be6c13c029b5a969b7ac00b8871a91,4:74d4d661aa78f697ff29f4e573db7c37bc65bba1
DEBUG: JX_LOG_LEVEL=error LC_ALL=C git fetch origin --unshallow 74d4d661aa78f697ff29f4e573db7c37bc65bba1: 1afae94695be6c13c029b5a969b7ac00b8871a91:
DEBUG: ran git fetch --unshallow origin 74d4d661aa78f697ff29f4e573db7c37bc65bba1: 1afae94695be6c13c029b5a969b7ac00b8871a91: in 
DEBUG: LC_ALL=C JX_LOG_LEVEL=error git branch
DEBUG: LC_ALL=C JX_LOG_LEVEL=error git checkout master
DEBUG: ran git checkout master in 
DEBUG: LC_ALL=C JX_LOG_LEVEL=error git reset --hard 1afae94695be6c13c029b5a969b7ac00b8871a91
DEBUG: ran git reset --hard 1afae94695be6c13c029b5a969b7ac00b8871a91 in 
DEBUG: LC_ALL=C JX_LOG_LEVEL=error git clean -fd .
DEBUG: ran clean --force -d . in 
DEBUG: LC_ALL=C JX_LOG_LEVEL=error git merge 74d4d661aa78f697ff29f4e573db7c37bc65bba1
DEBUG: ran git merge 74d4d661aa78f697ff29f4e573db7c37bc65bba1 in 
DEBUG: JX_LOG_LEVEL=error LC_ALL=C git log --format=%H%x1f%an%x1f%ae%x1f%cn%x1f%ce%x1f%s%n%b%x1e 1afae94695be6c13c029b5a969b7ac00b8871a91..HEAD
Merged SHA 74d4d661aa78f697ff29f4e573db7c37bc65bba1 with commit message 'chore: Promote bdd-gh-1587308671 to version 0.0.1' into base branch master

Showing logs for build [32mcb-kubecd-environment-pr-205-74-bv5fn-1[0m stage [32mfrom-build-pack[0m and container [32mstep-build-helm-build[0m
WARNING: No $CHART_REPOSITORY defined so using the default value of: http://jenkins-x-chartmuseum:8080
Adding missing Helm repo: storage.googleapis.com https://storage.googleapis.com/chartmuseum.jenkins-x.io
WARNING: No secrets found on "helm/repos" due: reading the secret "helm/repos" from vault: no secret "helm/repos" not found in vault
Read credentials for https://storage.googleapis.com/chartmuseum.jenkins-x.io from vault helm/repos
Successfully added Helm repository storage.googleapis.com.
Adding missing Helm repo: jenkins-x-chartmuseum http://jenkins-x-chartmuseum:8080
WARNING: No secrets found on "helm/repos" due: reading the secret "helm/repos" from vault: no secret "helm/repos" not found in vault
Read credentials for http://jenkins-x-chartmuseum:8080 from vault helm/repos
Successfully added Helm repository jenkins-x-chartmuseum.
WARNING: No $CHART_REPOSITORY defined so using the default value of: http://jenkins-x-chartmuseum:8080
Adding missing Helm repo: chartmuseum.jenkins-x.io http://chartmuseum.jenkins-x.io
WARNING: No secrets found on "helm/repos" due: reading the secret "helm/repos" from vault: no secret "helm/repos" not found in vault
Read credentials for http://chartmuseum.jenkins-x.io from vault helm/repos
Successfully added Helm repository chartmuseum.jenkins-x.io.
