
Showing logs for build [32mcb-kubecd-environment-pr-205-74-7sfz6-1[0m stage [32mfrom-build-pack[0m and container [32mstep-credential-initializer-vq57v[0m
{"level":"info","ts":1587308975.5535598,"logger":"fallback-logger","caller":"logging/config.go:69","msg":"Fetch GitHub commit ID from kodata failed: open /var/run/ko/refs/heads/0.8.0-ns-support: no such file or directory"}
{"level":"info","ts":1587308975.5541503,"logger":"fallback-logger","caller":"creds-init/main.go:40","msg":"Credentials initialized."}

Showing logs for build [32mcb-kubecd-environment-pr-205-74-7sfz6-1[0m stage [32mfrom-build-pack[0m and container [32mstep-working-dir-initializer-hhw87[0m
{"level":"info","ts":1587308976.975327,"logger":"fallback-logger","caller":"logging/config.go:69","msg":"Fetch GitHub commit ID from kodata failed: open /var/run/ko/HEAD: no such file or directory"}
{"level":"info","ts":1587308976.9812853,"logger":"fallback-logger","caller":"bash/main.go:64","msg":"Successfully executed command \"sh -c mkdir -p /workspace/source\"; output "}

Showing logs for build [32mcb-kubecd-environment-pr-205-74-7sfz6-1[0m stage [32mfrom-build-pack[0m and container [32mstep-place-tools[0m

Showing logs for build [32mcb-kubecd-environment-pr-205-74-7sfz6-1[0m stage [32mfrom-build-pack[0m and container [32mstep-git-source-cb-kubecd-environment-pr-205-74-7sfz6-mm4cc[0m
{"level":"info","ts":1587308982.3254802,"logger":"fallback-logger","caller":"logging/config.go:69","msg":"Fetch GitHub commit ID from kodata failed: open /var/run/ko/refs/heads/0.8.0-ns-support: no such file or directory"}
{"level":"info","ts":1587308983.4371345,"logger":"fallback-logger","caller":"git/git.go:103","msg":"Successfully cloned https://github.com/cb-kubecd/environment-pr-205-74-boot-vault-gke-staging.git @ master in path /workspace/source"}

Showing logs for build [32mcb-kubecd-environment-pr-205-74-7sfz6-1[0m stage [32mfrom-build-pack[0m and container [32mstep-git-merge[0m
Using SHAs from PULL_REFS=master:d3bed8516cdd419a00401aa639cba77a2916e500,2:58f9415601fba8caa0a304fccf1907140ed1b0d2
DEBUG: JX_LOG_LEVEL=error LC_ALL=C git fetch origin --unshallow 58f9415601fba8caa0a304fccf1907140ed1b0d2: d3bed8516cdd419a00401aa639cba77a2916e500:
DEBUG: ran git fetch --unshallow origin 58f9415601fba8caa0a304fccf1907140ed1b0d2: d3bed8516cdd419a00401aa639cba77a2916e500: in 
DEBUG: LC_ALL=C JX_LOG_LEVEL=error git branch
DEBUG: LC_ALL=C JX_LOG_LEVEL=error git checkout master
DEBUG: ran git checkout master in 
DEBUG: LC_ALL=C JX_LOG_LEVEL=error git reset --hard d3bed8516cdd419a00401aa639cba77a2916e500
DEBUG: ran git reset --hard d3bed8516cdd419a00401aa639cba77a2916e500 in 
DEBUG: LC_ALL=C JX_LOG_LEVEL=error git clean -fd .
DEBUG: ran clean --force -d . in 
DEBUG: JX_LOG_LEVEL=error LC_ALL=C git merge 58f9415601fba8caa0a304fccf1907140ed1b0d2
DEBUG: ran git merge 58f9415601fba8caa0a304fccf1907140ed1b0d2 in 
DEBUG: LC_ALL=C JX_LOG_LEVEL=error git log --format=%H%x1f%an%x1f%ae%x1f%cn%x1f%ce%x1f%s%n%b%x1e d3bed8516cdd419a00401aa639cba77a2916e500..HEAD
Merged SHA 58f9415601fba8caa0a304fccf1907140ed1b0d2 with commit message 'chore: Promote bdd-nh-1587308671 to version 0.0.1' into base branch master

Showing logs for build [32mcb-kubecd-environment-pr-205-74-7sfz6-1[0m stage [32mfrom-build-pack[0m and container [32mstep-build-helm-build[0m
WARNING: No $CHART_REPOSITORY defined so using the default value of: http://jenkins-x-chartmuseum:8080
Adding missing Helm repo: storage.googleapis.com https://storage.googleapis.com/chartmuseum.jenkins-x.io
WARNING: No secrets found on "helm/repos" due: reading the secret "helm/repos" from vault: no secret "helm/repos" not found in vault
Read credentials for https://storage.googleapis.com/chartmuseum.jenkins-x.io from vault helm/repos
Successfully added Helm repository storage.googleapis.com.
Adding missing Helm repo: jenkins-x-chartmuseum http://jenkins-x-chartmuseum:8080
WARNING: No secrets found on "helm/repos" due: reading the secret "helm/repos" from vault: no secret "helm/repos" not found in vault
Read credentials for http://jenkins-x-chartmuseum:8080 from vault helm/repos
Successfully added Helm repository jenkins-x-chartmuseum.
WARNING: No $CHART_REPOSITORY defined so using the default value of: http://jenkins-x-chartmuseum:8080
Adding missing Helm repo: chartmuseum.jenkins-x.io http://chartmuseum.jenkins-x.io
WARNING: No secrets found on "helm/repos" due: reading the secret "helm/repos" from vault: no secret "helm/repos" not found in vault
Read credentials for http://chartmuseum.jenkins-x.io from vault helm/repos
Successfully added Helm repository chartmuseum.jenkins-x.io.
